<?xml version="1.0" encoding="UTF-8"?>
<!-- Generated by org.testng.reporters.JUnitReportReporter -->
<testsuite skipped="0" hostname="AZHAR-PC" name="com.Myproject.frameTest" tests="1" failures="0" timestamp="2020-02-16T18:43:14 IST" time="12.481" errors="0">
  <testcase name="frames" time="12.481" classname="com.Myproject.frameTest"/>
</testsuite> <!-- com.Myproject.frameTest -->
